Namespace(model='gbm', skip_preprocess=True, train_prop=1)

Training a gbm model

Training time took 266.0019030570984 seconds

Trained a model using GradientBoostingClassifier(criterion='friedman_mse', init=None,
                           learning_rate=0.1, loss='deviance', max_depth=3,
                           max_features=None, max_leaf_nodes=None,
                           min_impurity_decrease=0.0, min_impurity_split=None,
                           min_samples_leaf=1, min_samples_split=2,
                           min_weight_fraction_leaf=0.0, n_estimators=200,
                           n_iter_no_change=None, presort='auto',
                           random_state=None, subsample=1.0, tol=0.0001,
                           validation_fraction=0.1, verbose=0,
                           warm_start=False)
Train FNC Score:
-------------------------------------------------------------
|           |   agree   | disagree  |  discuss  | unrelated |
-------------------------------------------------------------
|   agree   |   1906    |    101    |    805    |    866    |
-------------------------------------------------------------
| disagree  |    132    |    321    |    165    |    222    |
-------------------------------------------------------------
|  discuss  |    291    |    47     |   6965    |   1606    |
-------------------------------------------------------------
| unrelated |    208    |    40     |   1009    |   35288   |
-------------------------------------------------------------
Score: 18399.25 out of 22563.25	(81.54521179351379%)
Train F1 Score: 0.70412738590683
Train Accuracy Score: 0.8900984551348755

Test FNC Score:
-------------------------------------------------------------
|           |   agree   | disagree  |  discuss  | unrelated |
-------------------------------------------------------------
|   agree   |    140    |    28     |   1147    |    588    |
-------------------------------------------------------------
| disagree  |    25     |     2     |    336    |    334    |
-------------------------------------------------------------
|  discuss  |    548    |    57     |   2642    |   1217    |
-------------------------------------------------------------
| unrelated |    198    |    259    |   1023    |   16869   |
-------------------------------------------------------------
Score: 7536.5 out of 11651.25	(64.68404677609699%)
Test F1 Score: 0.3890477489877572
Test Accuracy Score: 0.7733443513162555
Plotting learning plots...
