Namespace(model='gbm_tuned', skip_preprocess=True, train_prop=1)

Training a gbm_tuned model

Training time took 81.18971562385559 seconds

Trained a model using GradientBoostingClassifier(criterion='friedman_mse', init=None,
                           learning_rate=0.1, loss='deviance', max_depth=3,
                           max_features='sqrt', max_leaf_nodes=None,
                           min_impurity_decrease=0.0, min_impurity_split=None,
                           min_samples_leaf=50, min_samples_split=2,
                           min_weight_fraction_leaf=0.0, n_estimators=200,
                           n_iter_no_change=None, presort='auto',
                           random_state=123, subsample=1.0, tol=0.0001,
                           validation_fraction=0.1, verbose=0,
                           warm_start=False)
Train FNC Score:
-------------------------------------------------------------
|           |   agree   | disagree  |  discuss  | unrelated |
-------------------------------------------------------------
|   agree   |   1864    |    119    |    792    |    903    |
-------------------------------------------------------------
| disagree  |    136    |    292    |    175    |    237    |
-------------------------------------------------------------
|  discuss  |    339    |    40     |   6753    |   1777    |
-------------------------------------------------------------
| unrelated |    244    |    36     |    972    |   35293   |
-------------------------------------------------------------
Score: 18132.5 out of 22563.25	(80.36297962394602%)
Train F1 Score: 0.6867740972182328
Train Accuracy Score: 0.8845353397902825

Test FNC Score:
-------------------------------------------------------------
|           |   agree   | disagree  |  discuss  | unrelated |
-------------------------------------------------------------
|   agree   |    143    |     0     |   1056    |    704    |
-------------------------------------------------------------
| disagree  |    30     |     0     |    251    |    416    |
-------------------------------------------------------------
|  discuss  |    294    |     0     |   2666    |   1504    |
-------------------------------------------------------------
| unrelated |    91     |     0     |    724    |   17534   |
-------------------------------------------------------------
Score: 7600.25 out of 11651.25	(65.23119836927368%)
Test F1 Score: 0.4022342533373756
Test Accuracy Score: 0.8004958092314957
Plotting learning plots...
