Namespace(model='rf', skip_preprocess=True, train_prop=1)

Training a rf model

Training time took 10.818174600601196 seconds

Trained a model using RandomForestClassifier(bootstrap=True, class_weight=None, criterion='gini',
                       max_depth=3, max_features='auto', max_leaf_nodes=None,
                       min_impurity_decrease=0.0, min_impurity_split=None,
                       min_samples_leaf=50, min_samples_split=2,
                       min_weight_fraction_leaf=0.0, n_estimators=200,
                       n_jobs=None, oob_score=False, random_state=123,
                       verbose=0, warm_start=False)
Train FNC Score:
-------------------------------------------------------------
|           |   agree   | disagree  |  discuss  | unrelated |
-------------------------------------------------------------
|   agree   |     0     |     0     |    251    |   3427    |
-------------------------------------------------------------
| disagree  |     0     |     0     |    36     |    804    |
-------------------------------------------------------------
|  discuss  |     0     |     0     |   1604    |   7305    |
-------------------------------------------------------------
| unrelated |     0     |     0     |    201    |   36344   |
-------------------------------------------------------------
Score: 10761.75 out of 22563.25	(47.695921465214454%)
Train F1 Score: 0.2881467630866842
Train Accuracy Score: 0.7593852557432162

Test FNC Score:
-------------------------------------------------------------
|           |   agree   | disagree  |  discuss  | unrelated |
-------------------------------------------------------------
|   agree   |     0     |     0     |    27     |   1876    |
-------------------------------------------------------------
| disagree  |     0     |     0     |     2     |    695    |
-------------------------------------------------------------
|  discuss  |     0     |     0     |    83     |   4381    |
-------------------------------------------------------------
| unrelated |     0     |     0     |     2     |   18347   |
-------------------------------------------------------------
Score: 4677.0 out of 11651.25	(40.14161570646926%)
Test F1 Score: 0.2192350902617901
Test Accuracy Score: 0.7252193759099673
Plotting learning plots...
