Namespace(model='tree', skip_preprocess=True, train_prop='0.75')

Training a tree model

Training time took 4.669886112213135 seconds

Trained a model using DecisionTreeClassifier(class_weight=None, criterion='gini', max_depth=None,
                       max_features=None, max_leaf_nodes=None,
                       min_impurity_decrease=0.0, min_impurity_split=None,
                       min_samples_leaf=1, min_samples_split=2,
                       min_weight_fraction_leaf=0.0, presort=False,
                       random_state=None, splitter='best')
Train FNC Score:
-------------------------------------------------------------
|           |   agree   | disagree  |  discuss  | unrelated |
-------------------------------------------------------------
|   agree   |   2754    |     1     |    10     |     6     |
-------------------------------------------------------------
| disagree  |    14     |    622    |     0     |     4     |
-------------------------------------------------------------
|  discuss  |    75     |    31     |   6527    |    26     |
-------------------------------------------------------------
| unrelated |    25     |     7     |    82     |   27295   |
-------------------------------------------------------------
Score: 16759.5 out of 16922.25	(99.03824845986793%)
Train F1 Score: 0.9783365604080712
Train Accuracy Score: 0.992502468048774

Test FNC Score:
-------------------------------------------------------------
|           |   agree   | disagree  |  discuss  | unrelated |
-------------------------------------------------------------
|   agree   |    497    |    72     |    809    |    525    |
-------------------------------------------------------------
| disagree  |    117    |    34     |    258    |    288    |
-------------------------------------------------------------
|  discuss  |    980    |    165    |   1993    |   1326    |
-------------------------------------------------------------
| unrelated |   1519    |    446    |   3741    |   12643   |
-------------------------------------------------------------
Score: 6285.0 out of 11651.25	(53.94271000965561%)
Test F1 Score: 0.3408271047490463
Test Accuracy Score: 0.5968205249281864
