Namespace(model='tree', skip_preprocess=True, train_prop='0.50')

Training a tree model

Training time took 2.7325563430786133 seconds

Trained a model using DecisionTreeClassifier(class_weight=None, criterion='gini', max_depth=None,
                       max_features=None, max_leaf_nodes=None,
                       min_impurity_decrease=0.0, min_impurity_split=None,
                       min_samples_leaf=1, min_samples_split=2,
                       min_weight_fraction_leaf=0.0, presort=False,
                       random_state=None, splitter='best')
Train FNC Score:
-------------------------------------------------------------
|           |   agree   | disagree  |  discuss  | unrelated |
-------------------------------------------------------------
|   agree   |   1840    |     0     |     3     |     2     |
-------------------------------------------------------------
| disagree  |     5     |    434    |     0     |     3     |
-------------------------------------------------------------
|  discuss  |    38     |    18     |   4386    |    11     |
-------------------------------------------------------------
| unrelated |    13     |     2     |    36     |   18195   |
-------------------------------------------------------------
Score: 11224.75 out of 11301.5	(99.3208866079724%)
Train F1 Score: 0.9846666979685029
Train Accuracy Score: 0.9947570639558152

Test FNC Score:
-------------------------------------------------------------
|           |   agree   | disagree  |  discuss  | unrelated |
-------------------------------------------------------------
|   agree   |    319    |    108    |    931    |    545    |
-------------------------------------------------------------
| disagree  |    96     |    56     |    272    |    273    |
-------------------------------------------------------------
|  discuss  |    936    |    228    |   2038    |   1262    |
-------------------------------------------------------------
| unrelated |   1816    |    587    |   3021    |   12925   |
-------------------------------------------------------------
Score: 6287.0 out of 11651.25	(53.95987554983371%)
Test F1 Score: 0.33692367891041475
Test Accuracy Score: 0.6035493644984851
