Namespace(model='tree', skip_preprocess=True, test_prop=1, train_prop='0.25')

Training a tree model

Training time took 13.505077362060547 seconds

Trained a model using DecisionTreeClassifier(class_weight=None, criterion='gini', max_depth=None,
            max_features=None, max_leaf_nodes=None,
            min_impurity_decrease=0.0, min_impurity_split=None,
            min_samples_leaf=1, min_samples_split=2,
            min_weight_fraction_leaf=0.0, presort=False, random_state=None,
            splitter='best')
Training score:
-------------------------------------------------------------
|           |   agree   | disagree  |  discuss  | unrelated |
-------------------------------------------------------------
|   agree   |    924    |     0     |     2     |     0     |
-------------------------------------------------------------
| disagree  |     0     |    219    |     0     |     0     |
-------------------------------------------------------------
|  discuss  |    13     |     8     |   2172    |     1     |
-------------------------------------------------------------
| unrelated |     5     |     1     |    11     |   9137    |
-------------------------------------------------------------
Score: 5605.0 out of 5627.5	(99.60017769880054%)

Test Score:
-------------------------------------------------------------
|           |   agree   | disagree  |  discuss  | unrelated |
-------------------------------------------------------------
|   agree   |    505    |    100    |    661    |    637    |
-------------------------------------------------------------
| disagree  |    125    |    39     |    190    |    343    |
-------------------------------------------------------------
|  discuss  |    653    |    152    |   2248    |   1411    |
-------------------------------------------------------------
| unrelated |    590    |    194    |   1857    |   15708   |
-------------------------------------------------------------
Score: 7189.25 out of 11651.25	(61.70367986267568%)
