Namespace(model='xgboost', skip_preprocess=True, train_prop='0.75')

Training a xgboost model

Training time took 382.2551209926605 seconds

Trained a model using XGBClassifier(base_score=0.5, booster='gbtree', colsample_bylevel=1,
              colsample_bynode=1, colsample_bytree=1, gamma=0,
              learning_rate=0.1, max_delta_step=10, max_depth=5,
              min_child_weight=1, missing=None, n_estimators=200, n_jobs=1,
              nthread=None, objective='multi:softprob', random_state=0,
              reg_alpha=0.25, reg_lambda=1, scale_pos_weight=1, seed=None,
              silent=None, subsample=1, verbosity=1)
Train FNC Score:
-------------------------------------------------------------
|           |   agree   | disagree  |  discuss  | unrelated |
-------------------------------------------------------------
|   agree   |   1844    |    53     |    389    |    485    |
-------------------------------------------------------------
| disagree  |    91     |    327    |    93     |    129    |
-------------------------------------------------------------
|  discuss  |    290    |    39     |   5444    |    886    |
-------------------------------------------------------------
| unrelated |    138    |    36     |    624    |   26611   |
-------------------------------------------------------------
Score: 14506.5 out of 16922.25	(85.72441607942206%)
Train F1 Score: 0.7746261304658136
Train Accuracy Score: 0.9132047279810027

Test FNC Score:
-------------------------------------------------------------
|           |   agree   | disagree  |  discuss  | unrelated |
-------------------------------------------------------------
|   agree   |    115    |     0     |   1182    |    606    |
-------------------------------------------------------------
| disagree  |    35     |     0     |    277    |    385    |
-------------------------------------------------------------
|  discuss  |    325    |     0     |   2785    |   1354    |
-------------------------------------------------------------
| unrelated |    120    |     0     |    993    |   17236   |
-------------------------------------------------------------
Score: 7663.75 out of 11651.25	(65.77620426992812%)
Test F1 Score: 0.39376833239243303
Test Accuracy Score: 0.7923503718569236
