Namespace(model='xgboost', skip_preprocess=True, train_prop='0.25')

Training a xgboost model

Training time took 148.59020948410034 seconds

Trained a model using XGBClassifier(base_score=0.5, booster='gbtree', colsample_bylevel=1,
              colsample_bynode=1, colsample_bytree=1, gamma=0,
              learning_rate=0.1, max_delta_step=10, max_depth=5,
              min_child_weight=1, missing=None, n_estimators=200, n_jobs=1,
              nthread=None, objective='multi:softprob', random_state=0,
              reg_alpha=0.25, reg_lambda=1, scale_pos_weight=1, seed=None,
              silent=None, subsample=1, verbosity=1)
Train FNC Score:
-------------------------------------------------------------
|           |   agree   | disagree  |  discuss  | unrelated |
-------------------------------------------------------------
|   agree   |    759    |     7     |    79     |    81     |
-------------------------------------------------------------
| disagree  |     9     |    171    |    21     |    18     |
-------------------------------------------------------------
|  discuss  |    41     |     9     |   1953    |    191    |
-------------------------------------------------------------
| unrelated |    35     |     7     |    131    |   8981    |
-------------------------------------------------------------
Score: 5169.75 out of 5627.5	(91.86583740559752%)
Train F1 Score: 0.8881933996401857
Train Accuracy Score: 0.949651805010806

Test FNC Score:
-------------------------------------------------------------
|           |   agree   | disagree  |  discuss  | unrelated |
-------------------------------------------------------------
|   agree   |    82     |     0     |   1260    |    561    |
-------------------------------------------------------------
| disagree  |    12     |     0     |    339    |    346    |
-------------------------------------------------------------
|  discuss  |    232    |     0     |   2956    |   1276    |
-------------------------------------------------------------
| unrelated |    83     |     0     |    979    |   17287   |
-------------------------------------------------------------
Score: 7820.5 out of 11651.25	(67.12155348138612%)
Test F1 Score: 0.39411227189270215
Test Accuracy Score: 0.799787510329359
